Log file open, 12/02/20 10:15:33
LogInit: Display: Running engine for game: Golf_Game
LogPlatformFile: Not using cached read wrapper
LogTaskGraph: Started task graph with 5 named threads and 83 total threads with 3 sets of task threads.
LogStats: Stats thread started at 1.300222
LogD3D11RHI: Loaded GFSDK_Aftermath_Lib.x64.dll
LogICUInternationalization: ICU TimeZone Detection - Raw Offset: -8:00, Platform Override: ''
LogPluginManager: Mounting plugin Paper2D
LogPluginManager: Mounting plugin AISupport
LogPluginManager: Mounting plugin LightPropagationVolume
LogPluginManager: Mounting plugin CameraShakePreviewer
LogPluginManager: Mounting plugin ActorLayerUtilities
LogPluginManager: Mounting plugin AnimationSharing
LogPluginManager: Mounting plugin CLionSourceCodeAccess
LogPluginManager: Mounting plugin CodeLiteSourceCodeAccess
LogPluginManager: Mounting plugin GitSourceControl
LogPluginManager: Mounting plugin KDevelopSourceCodeAccess
LogPluginManager: Mounting plugin NullSourceCodeAccess
LogPluginManager: Mounting plugin PerforceSourceControl
LogPluginManager: Mounting plugin PlasticSourceControl
LogPluginManager: Mounting plugin RiderSourceCodeAccess
LogPluginManager: Mounting plugin SubversionSourceControl
LogPluginManager: Mounting plugin UObjectPlugin
LogPluginManager: Mounting plugin VisualStudioCodeSourceCodeAccess
LogPluginManager: Mounting plugin VisualStudioSourceCodeAccess
LogPluginManager: Mounting plugin XCodeSourceCodeAccess
LogPluginManager: Mounting plugin AssetManagerEditor
LogPluginManager: Mounting plugin CryptoKeys
LogPluginManager: Mounting plugin CurveEditorTools
LogPluginManager: Mounting plugin DataValidation
LogPluginManager: Mounting plugin EditorScriptingUtilities
LogPluginManager: Mounting plugin FacialAnimation
LogPluginManager: Mounting plugin GameplayTagsEditor
LogPluginManager: Mounting plugin GeometryMode
LogPluginManager: Mounting plugin MacGraphicsSwitching
LogPluginManager: Mounting plugin MaterialAnalyzer
LogPluginManager: Mounting plugin MobileLauncherProfileWizard
LogPluginManager: Mounting plugin PluginBrowser
LogPluginManager: Mounting plugin SpeedTreeImporter
LogPluginManager: Mounting plugin DatasmithContent
LogPluginManager: Mounting plugin VariantManagerContent
LogPluginManager: Mounting plugin AlembicImporter
LogPluginManager: Mounting plugin AutomationUtils
LogPluginManager: Mounting plugin BackChannel
LogPluginManager: Mounting plugin ChaosCloth
LogPluginManager: Mounting plugin ChaosClothEditor
LogPluginManager: Mounting plugin ChaosEditor
LogPluginManager: Mounting plugin ChaosNiagara
LogPluginManager: Mounting plugin ChaosSolverPlugin
LogPluginManager: Mounting plugin CharacterAI
LogPluginManager: Mounting plugin GeometryCache
LogPluginManager: Mounting plugin GeometryCollectionPlugin
LogPluginManager: Mounting plugin GeometryProcessing
LogPluginManager: Mounting plugin PlanarCut
LogPluginManager: Mounting plugin PlatformCrypto
LogPluginManager: Mounting plugin ProxyLODPlugin
LogPluginManager: Mounting plugin PythonScriptPlugin
LogPluginManager: Mounting plugin SkeletalReduction
LogPluginManager: Mounting plugin Niagara
LogPluginManager: Mounting plugin MagicLeap
LogPluginManager: Mounting plugin MagicLeapLightEstimation
LogPluginManager: Mounting plugin MagicLeapMedia
LogPluginManager: Mounting plugin MagicLeapPassableWorld
LogPluginManager: Mounting plugin MLSDK
LogPluginManager: Mounting plugin AndroidMedia
LogPluginManager: Mounting plugin AvfMedia
LogPluginManager: Mounting plugin ImgMedia
LogPluginManager: Mounting plugin MediaCompositing
LogPluginManager: Mounting plugin MediaPlayerEditor
LogPluginManager: Mounting plugin WebMMedia
LogPluginManager: Mounting plugin WmfMedia
LogPluginManager: Mounting plugin MegascansPlugin
LogPluginManager: Mounting plugin MeshPainting
LogPluginManager: Mounting plugin TcpMessaging
LogPluginManager: Mounting plugin UdpMessaging
LogPluginManager: Mounting plugin ActorSequence
LogPluginManager: Mounting plugin LevelSequenceEditor
LogPluginManager: Mounting plugin MatineeToLevelSequence
LogPluginManager: Mounting plugin MovieRenderPipeline
LogPluginManager: Mounting plugin TemplateSequence
LogPluginManager: Mounting plugin NetcodeUnitTest
LogPluginManager: Mounting plugin NUTUnrealEngine4
LogPluginManager: Mounting plugin OnlineSubsystemGooglePlay
LogPluginManager: Mounting plugin OnlineSubsystemIOS
LogPluginManager: Mounting plugin OnlineSubsystem
LogPluginManager: Mounting plugin OnlineSubsystemNull
LogPluginManager: Mounting plugin OnlineSubsystemUtils
LogPluginManager: Mounting plugin LauncherChunkInstaller
LogPluginManager: Mounting plugin AndroidDeviceProfileSelector
LogPluginManager: Mounting plugin AndroidMoviePlayer
LogPluginManager: Mounting plugin AndroidPermission
LogPluginManager: Mounting plugin AppleImageUtils
LogPluginManager: Mounting plugin AppleMoviePlayer
LogPluginManager: Mounting plugin ArchVisCharacter
LogPluginManager: Mounting plugin AssetTags
LogPluginManager: Mounting plugin AudioCapture
LogPluginManager: Mounting plugin CableComponent
LogPluginManager: Mounting plugin CustomMeshComponent
LogPluginManager: Mounting plugin EditableMesh
LogPluginManager: Mounting plugin ExampleDeviceProfileSelector
LogPluginManager: Mounting plugin GoogleCloudMessaging
LogPluginManager: Mounting plugin GooglePAD
LogPluginManager: Mounting plugin IOSDeviceProfileSelector
LogPluginManager: Mounting plugin LinuxDeviceProfileSelector
LogPluginManager: Mounting plugin LocationServicesBPLibrary
LogPluginManager: Mounting plugin MobilePatchingUtils
LogPluginManager: Mounting plugin OculusVR
LogPluginManager: Mounting plugin PhysXVehicles
LogPluginManager: Mounting plugin PostSplashScreen
LogPluginManager: Mounting plugin ProceduralMeshComponent
LogPluginManager: Mounting plugin RuntimePhysXCooking
LogPluginManager: Mounting plugin SignificanceManager
LogPluginManager: Mounting plugin SoundFields
LogPluginManager: Mounting plugin SteamVR
LogPluginManager: Mounting plugin Synthesis
LogPluginManager: Mounting plugin WebMMoviePlayer
LogPluginManager: Mounting plugin WindowsMoviePlayer
LogPluginManager: Mounting plugin ScreenshotTools
LogInit: Using libcurl 7.55.1-DEV
LogInit:  - built for x86_64-pc-win32
LogInit:  - supports SSL with OpenSSL/1.1.1
LogInit:  - supports HTTP deflate (compression) using libz 1.2.8
LogInit:  - other features:
LogInit:      CURL_VERSION_SSL
LogInit:      CURL_VERSION_LIBZ
LogInit:      CURL_VERSION_IPV6
LogInit:      CURL_VERSION_ASYNCHDNS
LogInit:      CURL_VERSION_LARGEFILE
LogInit:      CURL_VERSION_IDN
LogInit:  CurlRequestOptions (configurable via config and command line):
LogInit:  - bVerifyPeer = true  - Libcurl will verify peer certificate
LogInit:  - bUseHttpProxy = false  - Libcurl will NOT use HTTP proxy
LogInit:  - bDontReuseConnections = false  - Libcurl will reuse connections
LogInit:  - MaxHostConnections = 16  - Libcurl will limit the number of connections to a host
LogInit:  - LocalHostAddr = Default
LogInit:  - BufferSize = 65536
LogOnline: OSS: Creating online subsystem instance for: NULL
LogInit: WinSock: version 1.1 (2.2), MaxSocks=32767, MaxUdp=65467
LogOnline: OSS: TryLoadSubsystemAndSetDefault: Loaded subsystem for module [NULL]
LogInit: Build: ++UE4+Release-4.25-CL-13594126
LogInit: Engine Version: 4.25.1-13594126+++UE4+Release-4.25
LogInit: Compatible Engine Version: 4.25.0-13144385+++UE4+Release-4.25
LogInit: Net CL: 13144385
LogInit: OS: Windows 10 (Release 2009) (), CPU:        Intel(R) Xeon(R) CPU E5-2670 0 @ 2.60GHz, GPU: NVIDIA GeForce GTX 980 Ti
LogInit: Compiled (64-bit): Jun  2 2020 02:10:36
LogInit: Compiled with Visual C++: 19.24.28315.00
LogInit: Build Configuration: Development
LogInit: Branch Name: ++UE4+Release-4.25
LogInit: Command Line:  -EpicPortal -epicusername=CreativeDude -epicuserid=010a6af7312f41889cdbbdb90553e2b4 -epiclocale=en
LogInit: Base Directory: D:/UE_4.25/Engine/Binaries/Win64/
LogInit: Allocator: TBB
LogInit: Installed Engine Build: 1
LogDevObjectVersion: Number of dev versions registered: 26
LogDevObjectVersion:   Dev-Blueprints (B0D832E4-1F89-4F0D-ACCF-7EB736FD4AA2): 10
LogDevObjectVersion:   Dev-Build (E1C64328-A22C-4D53-A36C-8E866417BD8C): 0
LogDevObjectVersion:   Dev-Core (375EC13C-06E4-48FB-B500-84F0262A717E): 4
LogDevObjectVersion:   Dev-Editor (E4B068ED-F494-42E9-A231-DA0B2E46BB41): 38
LogDevObjectVersion:   Dev-Framework (CFFC743F-43B0-4480-9391-14DF171D2073): 37
LogDevObjectVersion:   Dev-Mobile (B02B49B5-BB20-44E9-A304-32B752E40360): 2
LogDevObjectVersion:   Dev-Networking (A4E4105C-59A1-49B5-A7C5-40C4547EDFEE): 0
LogDevObjectVersion:   Dev-Online (39C831C9-5AE6-47DC-9A44-9C173E1C8E7C): 0
LogDevObjectVersion:   Dev-Physics (78F01B33-EBEA-4F98-B9B4-84EACCB95AA2): 4
LogDevObjectVersion:   Dev-Platform (6631380F-2D4D-43E0-8009-CF276956A95A): 0
LogDevObjectVersion:   Dev-Rendering (12F88B9F-8875-4AFC-A67C-D90C383ABD29): 43
LogDevObjectVersion:   Dev-Sequencer (7B5AE74C-D270-4C10-A958-57980B212A5A): 12
LogDevObjectVersion:   Dev-VR (D7296918-1DD6-4BDD-9DE2-64A83CC13884): 3
LogDevObjectVersion:   Dev-LoadTimes (C2A15278-BFE7-4AFE-6C17-90FF531DF755): 1
LogDevObjectVersion:   Private-Geometry (6EACA3D4-40EC-4CC1-B786-8BED09428FC5): 3
LogDevObjectVersion:   Dev-AnimPhys (29E575DD-E0A3-4627-9D10-D276232CDCEA): 17
LogDevObjectVersion:   Dev-Anim (AF43A65D-7FD3-4947-9873-3E8ED9C1BB05): 7
LogDevObjectVersion:   Dev-ReflectionCapture (6B266CEC-1EC7-4B8F-A30B-E4D90942FC07): 1
LogDevObjectVersion:   Dev-Automation (0DF73D61-A23F-47EA-B727-89E90C41499A): 1
LogDevObjectVersion:   FortniteMain (601D1886-AC64-4F84-AA16-D3DE0DEAC7D6): 31
LogDevObjectVersion:   Dev-Enterprise (9DFFBCD6-494F-0158-E221-12823C92A888): 10
LogDevObjectVersion:   Dev-Niagara (F2AED0AC-9AFE-416F-8664-AA7FFA26D6FC): 1
LogDevObjectVersion:   Dev-Destruction (174F1F0B-B4C6-45A5-B13F-2EE8D0FB917D): 10
LogDevObjectVersion:   Dev-Physics-Ext (35F94A83-E258-406C-A318-09F59610247C): 37
LogDevObjectVersion:   Dev-PhysicsMaterial-Chaos (B68FC16E-8B1B-42E2-B453-215C058844FE): 1
LogDevObjectVersion:   Dev-CineCamera (B2E18506-4273-CFC2-A54E-F4BB758BBA07): 1
LogInit: Presizing for max 25165824 objects, including 0 objects not considered by GC, pre-allocating 0 bytes for permanent pool.
LogConfig: Applying CVar settings from Section [/Script/Engine.StreamingSettings] File [H:/UnrealProjects/UE4-Golf-Game/Golf_Game/Saved/Config/Windows/Engine.ini]
LogConfig: Setting CVar [[s.MinBulkDataSizeForAsyncLoading:131072]]
LogConfig: Setting CVar [[s.AsyncLoadingThreadEnabled:0]]
LogConfig: Setting CVar [[s.EventDrivenLoaderEnabled:1]]
LogConfig: Setting CVar [[s.WarnIfTimeLimitExceeded:0]]
LogConfig: Setting CVar [[s.TimeLimitExceededMultiplier:1.5]]
LogConfig: Setting CVar [[s.TimeLimitExceededMinTime:0.005]]
LogConfig: Setting CVar [[s.UseBackgroundLevelStreaming:1]]
LogConfig: Setting CVar [[s.PriorityAsyncLoadingExtraTime:15.0]]
LogConfig: Setting CVar [[s.LevelStreamingActorsUpdateTimeLimit:5.0]]
LogConfig: Setting CVar [[s.PriorityLevelStreamingActorsUpdateExtraTime:5.0]]
LogConfig: Setting CVar [[s.LevelStreamingComponentsRegistrationGranularity:10]]
LogConfig: Setting CVar [[s.UnregisterComponentsTimeLimit:1.0]]
LogConfig: Setting CVar [[s.LevelStreamingComponentsUnregistrationGranularity:5]]
LogConfig: Setting CVar [[s.FlushStreamingOnExit:1]]
LogInit: Object subsystem initialized
LogConfig: Setting CVar [[con.DebugEarlyDefault:1]]
LogConfig: Setting CVar [[r.setres:1280x720]]
[2020.12.02-18.15.34:626][  0]LogConfig: Setting CVar [[r.VSync:0]]
[2020.12.02-18.15.34:626][  0]LogConfig: Setting CVar [[r.RHICmdBypass:0]]
[2020.12.02-18.15.34:626][  0]LogConfig: Applying CVar settings from Section [/Script/Engine.RendererSettings] File [H:/UnrealProjects/UE4-Golf-Game/Golf_Game/Saved/Config/Windows/Engine.ini]
[2020.12.02-18.15.34:626][  0]LogConfig: Setting CVar [[r.GPUCrashDebugging:0]]
[2020.12.02-18.15.34:626][  0]LogConfig: Applying CVar settings from Section [/Script/Engine.RendererOverrideSettings] File [H:/UnrealProjects/UE4-Golf-Game/Golf_Game/Saved/Config/Windows/Engine.ini]
[2020.12.02-18.15.34:626][  0]LogConfig: Applying CVar settings from Section [/Script/Engine.StreamingSettings] File [H:/UnrealProjects/UE4-Golf-Game/Golf_Game/Saved/Config/Windows/Engine.ini]
[2020.12.02-18.15.34:626][  0]LogConfig: Setting CVar [[s.MinBulkDataSizeForAsyncLoading:131072]]
[2020.12.02-18.15.34:626][  0]LogConfig: Setting CVar [[s.AsyncLoadingThreadEnabled:0]]
[2020.12.02-18.15.34:626][  0]LogConfig: Setting CVar [[s.EventDrivenLoaderEnabled:1]]
[2020.12.02-18.15.34:626][  0]LogConfig: Setting CVar [[s.WarnIfTimeLimitExceeded:0]]
[2020.12.02-18.15.34:626][  0]LogConfig: Setting CVar [[s.TimeLimitExceededMultiplier:1.5]]
[2020.12.02-18.15.34:626][  0]LogConfig: Setting CVar [[s.TimeLimitExceededMinTime:0.005]]
[2020.12.02-18.15.34:626][  0]LogConfig: Setting CVar [[s.UseBackgroundLevelStreaming:1]]
[2020.12.02-18.15.34:626][  0]LogConfig: Setting CVar [[s.PriorityAsyncLoadingExtraTime:15.0]]
[2020.12.02-18.15.34:627][  0]LogConfig: Setting CVar [[s.LevelStreamingActorsUpdateTimeLimit:5.0]]
[2020.12.02-18.15.34:627][  0]LogConfig: Setting CVar [[s.PriorityLevelStreamingActorsUpdateExtraTime:5.0]]
[2020.12.02-18.15.34:627][  0]LogConfig: Setting CVar [[s.LevelStreamingComponentsRegistrationGranularity:10]]
[2020.12.02-18.15.34:627][  0]LogConfig: Setting CVar [[s.UnregisterComponentsTimeLimit:1.0]]
[2020.12.02-18.15.34:627][  0]LogConfig: Setting CVar [[s.LevelStreamingComponentsUnregistrationGranularity:5]]
[2020.12.02-18.15.34:627][  0]LogConfig: Setting CVar [[s.FlushStreamingOnExit:1]]
[2020.12.02-18.15.34:627][  0]LogConfig: Applying CVar settings from Section [/Script/Engine.GarbageCollectionSettings] File [H:/UnrealProjects/UE4-Golf-Game/Golf_Game/Saved/Config/Windows/Engine.ini]
[2020.12.02-18.15.34:627][  0]LogConfig: Setting CVar [[gc.MaxObjectsNotConsideredByGC:1]]
[2020.12.02-18.15.34:627][  0]LogConfig: Setting CVar [[gc.SizeOfPermanentObjectPool:0]]
[2020.12.02-18.15.34:627][  0]LogConfig: Setting CVar [[gc.FlushStreamingOnGC:0]]
[2020.12.02-18.15.34:627][  0]LogConfig: Setting CVar [[gc.NumRetriesBeforeForcingGC:10]]
[2020.12.02-18.15.34:627][  0]LogConfig: Setting CVar [[gc.AllowParallelGC:1]]
[2020.12.02-18.15.34:627][  0]LogConfig: Setting CVar [[gc.TimeBetweenPurgingPendingKillObjects:61.1]]
[2020.12.02-18.15.34:627][  0]LogConfig: Setting CVar [[gc.MaxObjectsInEditor:25165824]]
[2020.12.02-18.15.34:627][  0]LogConfig: Setting CVar [[gc.IncrementalBeginDestroyEnabled:1]]
[2020.12.02-18.15.34:627][  0]LogConfig: Setting CVar [[gc.CreateGCClusters:1]]
[2020.12.02-18.15.34:627][  0]LogConfig: Setting CVar [[gc.MinGCClusterSize:5]]
[2020.12.02-18.15.34:627][  0]LogConfig: Setting CVar [[gc.ActorClusteringEnabled:0]]
[2020.12.02-18.15.34:627][  0]LogConfig: Setting CVar [[gc.BlueprintClusteringEnabled:0]]
[2020.12.02-18.15.34:627][  0]LogConfig: Setting CVar [[gc.UseDisregardForGCOnDedicatedServers:0]]
[2020.12.02-18.15.34:627][  0]LogConfig: Applying CVar settings from Section [/Script/Engine.NetworkSettings] File [H:/UnrealProjects/UE4-Golf-Game/Golf_Game/Saved/Config/Windows/Engine.ini]
[2020.12.02-18.15.34:627][  0]LogConfig: Applying CVar settings from Section [/Script/UnrealEd.CookerSettings] File [H:/UnrealProjects/UE4-Golf-Game/Golf_Game/Saved/Config/Windows/Engine.ini]
[2020.12.02-18.15.34:631][  0]LogConfig: Applying CVar settings from Section [ViewDistanceQuality@3] File [H:/UnrealProjects/UE4-Golf-Game/Golf_Game/Saved/Config/Windows/Scalability.ini]
[2020.12.02-18.15.34:631][  0]LogConfig: Setting CVar [[r.SkeletalMeshLODBias:0]]
[2020.12.02-18.15.34:631][  0]LogConfig: Setting CVar [[r.ViewDistanceScale:1.0]]
[2020.12.02-18.15.34:631][  0]LogConfig: Applying CVar settings from Section [AntiAliasingQuality@3] File [H:/UnrealProjects/UE4-Golf-Game/Golf_Game/Saved/Config/Windows/Scalability.ini]
[2020.12.02-18.15.34:631][  0]LogConfig: Setting CVar [[r.PostProcessAAQuality:4]]
[2020.12.02-18.15.34:631][  0]LogConfig: Applying CVar settings from Section [ShadowQuality@3] File [H:/UnrealProjects/UE4-Golf-Game/Golf_Game/Saved/Config/Windows/Scalability.ini]
[2020.12.02-18.15.34:631][  0]LogConfig: Setting CVar [[r.LightFunctionQuality:1]]
[2020.12.02-18.15.34:631][  0]LogConfig: Setting CVar [[r.ShadowQuality:5]]
[2020.12.02-18.15.34:631][  0]LogConfig: Setting CVar [[r.Shadow.CSM.MaxCascades:10]]
[2020.12.02-18.15.34:631][  0]LogConfig: Setting CVar [[r.Shadow.MaxResolution:2048]]
[2020.12.02-18.15.34:631][  0]LogConfig: Setting CVar [[r.Shadow.MaxCSMResolution:2048]]
[2020.12.02-18.15.34:631][  0]LogConfig: Setting CVar [[r.Shadow.RadiusThreshold:0.01]]
[2020.12.02-18.15.34:631][  0]LogConfig: Setting CVar [[r.Shadow.DistanceScale:1.0]]
[2020.12.02-18.15.34:631][  0]LogConfig: Setting CVar [[r.Shadow.CSM.TransitionScale:1.0]]
[2020.12.02-18.15.34:631][  0]LogConfig: Setting CVar [[r.Shadow.PreShadowResolutionFactor:1.0]]
[2020.12.02-18.15.34:631][  0]LogConfig: Setting CVar [[r.DistanceFieldShadowing:1]]
[2020.12.02-18.15.34:631][  0]LogConfig: Setting CVar [[r.DistanceFieldAO:1]]
[2020.12.02-18.15.34:631][  0]LogConfig: Setting CVar [[r.AOQuality:2]]
[2020.12.02-18.15.34:631][  0]LogConfig: Setting CVar [[r.VolumetricFog:1]]
[2020.12.02-18.15.34:631][  0]LogConfig: Setting CVar [[r.VolumetricFog.GridPixelSize:8]]
[2020.12.02-18.15.34:631][  0]LogConfig: Setting CVar [[r.VolumetricFog.GridSizeZ:128]]
[2020.12.02-18.15.34:631][  0]LogConfig: Setting CVar [[r.VolumetricFog.HistoryMissSupersampleCount:4]]
[2020.12.02-18.15.34:631][  0]LogConfig: Setting CVar [[r.LightMaxDrawDistanceScale:1]]
[2020.12.02-18.15.34:631][  0]LogConfig: Setting CVar [[r.CapsuleShadows:1]]
[2020.12.02-18.15.34:631][  0]LogConfig: Applying CVar settings from Section [PostProcessQuality@3] File [H:/UnrealProjects/UE4-Golf-Game/Golf_Game/Saved/Config/Windows/Scalability.ini]
[2020.12.02-18.15.34:631][  0]LogConfig: Setting CVar [[r.MotionBlurQuality:4]]
[2020.12.02-18.15.34:631][  0]LogConfig: Setting CVar [[r.AmbientOcclusionMipLevelFactor:0.4]]
[2020.12.02-18.15.34:631][  0]LogConfig: Setting CVar [[r.AmbientOcclusionMaxQuality:100]]
[2020.12.02-18.15.34:632][  0]LogConfig: Setting CVar [[r.AmbientOcclusionLevels:-1]]
[2020.12.02-18.15.34:632][  0]LogConfig: Setting CVar [[r.AmbientOcclusionRadiusScale:1.0]]
[2020.12.02-18.15.34:632][  0]LogConfig: Setting CVar [[r.DepthOfFieldQuality:2]]
[2020.12.02-18.15.34:632][  0]LogConfig: Setting CVar [[r.RenderTargetPoolMin:400]]
[2020.12.02-18.15.34:632][  0]LogConfig: Setting CVar [[r.LensFlareQuality:2]]
[2020.12.02-18.15.34:632][  0]LogConfig: Setting CVar [[r.SceneColorFringeQuality:1]]
[2020.12.02-18.15.34:632][  0]LogConfig: Setting CVar [[r.EyeAdaptationQuality:2]]
[2020.12.02-18.15.34:632][  0]LogConfig: Setting CVar [[r.BloomQuality:5]]
[2020.12.02-18.15.34:632][  0]LogConfig: Setting CVar [[r.FastBlurThreshold:100]]
[2020.12.02-18.15.34:632][  0]LogConfig: Setting CVar [[r.Upscale.Quality:3]]
[2020.12.02-18.15.34:632][  0]LogConfig: Setting CVar [[r.Tonemapper.GrainQuantization:1]]
[2020.12.02-18.15.34:632][  0]LogConfig: Setting CVar [[r.LightShaftQuality:1]]
[2020.12.02-18.15.34:632][  0]LogConfig: Setting CVar [[r.Filter.SizeScale:1]]
[2020.12.02-18.15.34:632][  0]LogConfig: Setting CVar [[r.Tonemapper.Quality:5]]
[2020.12.02-18.15.34:632][  0]LogConfig: Setting CVar [[r.DOF.Gather.AccumulatorQuality:1        ; higher gathering accumulator quality]]
[2020.12.02-18.15.34:632][  0]LogConfig: Setting CVar [[r.DOF.Gather.PostfilterMethod:1          ; Median3x3 postfilering method]]
[2020.12.02-18.15.34:632][  0]LogConfig: Setting CVar [[r.DOF.Gather.EnableBokehSettings:0       ; no bokeh simulation when gathering]]
[2020.12.02-18.15.34:632][  0]LogConfig: Setting CVar [[r.DOF.Gather.RingCount:4                 ; medium number of samples when gathering]]
[2020.12.02-18.15.34:632][  0]LogConfig: Setting CVar [[r.DOF.Scatter.ForegroundCompositing:1    ; additive foreground scattering]]
[2020.12.02-18.15.34:632][  0]LogConfig: Setting CVar [[r.DOF.Scatter.BackgroundCompositing:2    ; additive background scattering]]
[2020.12.02-18.15.34:632][  0]LogConfig: Setting CVar [[r.DOF.Scatter.EnableBokehSettings:1      ; bokeh simulation when scattering]]
[2020.12.02-18.15.34:632][  0]LogConfig: Setting CVar [[r.DOF.Scatter.MaxSpriteRatio:0.1         ; only a maximum of 10% of scattered bokeh]]
[2020.12.02-18.15.34:632][  0]LogConfig: Setting CVar [[r.DOF.Recombine.Quality:1                ; cheap slight out of focus]]
[2020.12.02-18.15.34:632][  0]LogConfig: Setting CVar [[r.DOF.Recombine.EnableBokehSettings:0    ; no bokeh simulation on slight out of focus]]
[2020.12.02-18.15.34:632][  0]LogConfig: Setting CVar [[r.DOF.TemporalAAQuality:1                ; more stable temporal accumulation]]
[2020.12.02-18.15.34:632][  0]LogConfig: Setting CVar [[r.DOF.Kernel.MaxForegroundRadius:0.025]]
[2020.12.02-18.15.34:632][  0]LogConfig: Setting CVar [[r.DOF.Kernel.MaxBackgroundRadius:0.025]]
[2020.12.02-18.15.34:632][  0]LogConfig: Applying CVar settings from Section [TextureQuality@3] File [H:/UnrealProjects/UE4-Golf-Game/Golf_Game/Saved/Config/Windows/Scalability.ini]
[2020.12.02-18.15.34:632][  0]LogConfig: Setting CVar [[r.Streaming.MipBias:0]]
[2020.12.02-18.15.34:632][  0]LogConfig: Setting CVar [[r.Streaming.AmortizeCPUToGPUCopy:0]]
[2020.12.02-18.15.34:632][  0]LogConfig: Setting CVar [[r.Streaming.MaxNumTexturesToStreamPerFrame:0]]
[2020.12.02-18.15.34:632][  0]LogConfig: Setting CVar [[r.Streaming.Boost:1]]
[2020.12.02-18.15.34:632][  0]LogConfig: Setting CVar [[r.MaxAnisotropy:8]]
[2020.12.02-18.15.34:632][  0]LogConfig: Setting CVar [[r.VT.MaxAnisotropy:8]]
[2020.12.02-18.15.34:632][  0]LogConfig: Setting CVar [[r.Streaming.LimitPoolSizeToVRAM:0]]
[2020.12.02-18.15.34:632][  0]LogConfig: Setting CVar [[r.Streaming.PoolSize:1000]]
[2020.12.02-18.15.34:632][  0]LogConfig: Setting CVar [[r.Streaming.MaxEffectiveScreenSize:0]]
[2020.12.02-18.15.34:632][  0]LogConfig: Applying CVar settings from Section [EffectsQuality@3] File [H:/UnrealProjects/UE4-Golf-Game/Golf_Game/Saved/Config/Windows/Scalability.ini]
[2020.12.02-18.15.34:632][  0]LogConfig: Setting CVar [[r.TranslucencyLightingVolumeDim:64]]
[2020.12.02-18.15.34:632][  0]LogConfig: Setting CVar [[r.RefractionQuality:2]]
[2020.12.02-18.15.34:632][  0]LogConfig: Setting CVar [[r.SSR.Quality:3]]
[2020.12.02-18.15.34:632][  0]LogConfig: Setting CVar [[r.SSR.HalfResSceneColor:0]]
[2020.12.02-18.15.34:632][  0]LogConfig: Setting CVar [[r.SceneColorFormat:4]]
[2020.12.02-18.15.34:632][  0]LogConfig: Setting CVar [[r.DetailMode:2]]
[2020.12.02-18.15.34:632][  0]LogConfig: Setting CVar [[r.TranslucencyVolumeBlur:1]]
[2020.12.02-18.15.34:632][  0]LogConfig: Setting CVar [[r.MaterialQualityLevel:1 ; High quality]]
[2020.12.02-18.15.34:632][  0]LogConfig: Setting CVar [[r.SSS.Scale:1]]
[2020.12.02-18.15.34:632][  0]LogConfig: Setting CVar [[r.SSS.SampleSet:2]]
[2020.12.02-18.15.34:632][  0]LogConfig: Setting CVar [[r.SSS.Quality:1]]
[2020.12.02-18.15.34:632][  0]LogConfig: Setting CVar [[r.SSS.HalfRes:0]]
[2020.12.02-18.15.34:632][  0]LogConfig: Setting CVar [[r.SSGI.Quality:3]]
[2020.12.02-18.15.34:632][  0]LogConfig: Setting CVar [[r.EmitterSpawnRateScale:1.0]]
[2020.12.02-18.15.34:633][  0]LogConfig: Setting CVar [[r.ParticleLightQuality:2]]
[2020.12.02-18.15.34:633][  0]LogConfig: Setting CVar [[r.SkyAtmosphere.AerialPerspectiveLUT.FastApplyOnOpaque:1 ; Always have FastSkyLUT 1 in this case to avoid wrong sky]]
[2020.12.02-18.15.34:633][  0]LogConfig: Setting CVar [[r.SkyAtmosphere.AerialPerspectiveLUT.SampleCountPerSlice:1]]
[2020.12.02-18.15.34:633][  0]LogConfig: Setting CVar [[r.SkyAtmosphere.AerialPerspectiveLUT.DepthResolution:16.0]]
[2020.12.02-18.15.34:633][  0]LogConfig: Setting CVar [[r.SkyAtmosphere.FastSkyLUT:1]]
[2020.12.02-18.15.34:633][  0]LogConfig: Setting CVar [[r.SkyAtmosphere.FastSkyLUT.SampleCountMin:4.0]]
[2020.12.02-18.15.34:633][  0]LogConfig: Setting CVar [[r.SkyAtmosphere.FastSkyLUT.SampleCountMax:32.0]]
[2020.12.02-18.15.34:633][  0]LogConfig: Setting CVar [[r.SkyAtmosphere.SampleCountMin:4.0]]
[2020.12.02-18.15.34:633][  0]LogConfig: Setting CVar [[r.SkyAtmosphere.SampleCountMax:32.0]]
[2020.12.02-18.15.34:633][  0]LogConfig: Setting CVar [[r.SkyAtmosphere.TransmittanceLUT.UseSmallFormat:0]]
[2020.12.02-18.15.34:633][  0]LogConfig: Setting CVar [[r.SkyAtmosphere.TransmittanceLUT.SampleCount:10.0]]
[2020.12.02-18.15.34:633][  0]LogConfig: Setting CVar [[r.SkyAtmosphere.MultiScatteringLUT.SampleCount:15.0]]
[2020.12.02-18.15.34:633][  0]LogConfig: Applying CVar settings from Section [FoliageQuality@3] File [H:/UnrealProjects/UE4-Golf-Game/Golf_Game/Saved/Config/Windows/Scalability.ini]
[2020.12.02-18.15.34:633][  0]LogConfig: Setting CVar [[foliage.DensityScale:1.0]]
[2020.12.02-18.15.34:633][  0]LogConfig: Setting CVar [[grass.DensityScale:1.0]]
[2020.12.02-18.15.34:633][  0]LogConfig: Applying CVar settings from Section [ShadingQuality@3] File [H:/UnrealProjects/UE4-Golf-Game/Golf_Game/Saved/Config/Windows/Scalability.ini]
[2020.12.02-18.15.34:633][  0]LogConfig: Setting CVar [[r.HairStrands.SkyLighting.SampleCount:16]]
[2020.12.02-18.15.34:633][  0]LogConfig: Setting CVar [[r.HairStrands.SkyLighting.JitterIntegration:0]]
[2020.12.02-18.15.34:633][  0]LogConfig: Setting CVar [[r.HairStrands.SkyAO.SampleCount:16]]
[2020.12.02-18.15.34:633][  0]LogConfig: Setting CVar [[r.HairStrands.DeepShadow.SuperSampling:0]]
[2020.12.02-18.15.34:633][  0]LogConfig: Setting CVar [[r.HairStrands.VisibilityPPLL:0]]
[2020.12.02-18.15.34:633][  0]LogConfig: Setting CVar [[r.HairStrands.RasterizationScale:0.5]]
[2020.12.02-18.15.34:633][  0]LogConfig: Setting CVar [[r.HairStrands.VelocityRasterizationScale:1]]
[2020.12.02-18.15.34:633][  0]LogInit: Selected Device Profile: [Windows]
[2020.12.02-18.15.34:633][  0]LogInit: Applying CVar settings loaded from the selected device profile: [Windows]
[2020.12.02-18.15.34:633][  0]LogHAL: Display: Platform has ~ 32 GB [34307510272 / 34359738368 / 32], which maps to Largest [LargestMinGB=32, LargerMinGB=12, DefaultMinGB=8, SmallerMinGB=6, SmallestMinGB=0)
[2020.12.02-18.15.34:633][  0]LogInit: Going up to parent DeviceProfile []
[2020.12.02-18.15.34:633][  0]LogConfig: Applying CVar settings from Section [ViewDistanceQuality@Cine] File [H:/UnrealProjects/UE4-Golf-Game/Golf_Game/Saved/Config/Windows/Scalability.ini]
[2020.12.02-18.15.34:633][  0]LogConfig: Setting CVar [[r.SkeletalMeshLODBias:0]]
[2020.12.02-18.15.34:633][  0]LogConfig: Setting CVar [[r.ViewDistanceScale:10.0]]
[2020.12.02-18.15.34:633][  0]LogConfig: Applying CVar settings from Section [AntiAliasingQuality@Cine] File [H:/UnrealProjects/UE4-Golf-Game/Golf_Game/Saved/Config/Windows/Scalability.ini]
[2020.12.02-18.15.34:633][  0]LogConfig: Setting CVar [[r.PostProcessAAQuality:6]]
[2020.12.02-18.15.34:633][  0]LogConfig: Applying CVar settings from Section [ShadowQuality@Cine] File [H:/UnrealProjects/UE4-Golf-Game/Golf_Game/Saved/Config/Windows/Scalability.ini]
[2020.12.02-18.15.34:633][  0]LogConfig: Setting CVar [[r.LightFunctionQuality:1]]
[2020.12.02-18.15.34:633][  0]LogConfig: Setting CVar [[r.ShadowQuality:5]]
[2020.12.02-18.15.34:633][  0]LogConfig: Setting CVar [[r.Shadow.CSM.MaxCascades:10]]
[2020.12.02-18.15.34:633][  0]LogConfig: Setting CVar [[r.Shadow.MaxResolution:4096]]
[2020.12.02-18.15.34:633][  0]LogConfig: Setting CVar [[r.Shadow.MaxCSMResolution:4096]]
[2020.12.02-18.15.34:633][  0]LogConfig: Setting CVar [[r.Shadow.RadiusThreshold:0]]
[2020.12.02-18.15.34:633][  0]LogConfig: Setting CVar [[r.Shadow.DistanceScale:1.0]]
[2020.12.02-18.15.34:633][  0]LogConfig: Setting CVar [[r.Shadow.CSM.TransitionScale:1.0]]
[2020.12.02-18.15.34:633][  0]LogConfig: Setting CVar [[r.Shadow.PreShadowResolutionFactor:1.0]]
[2020.12.02-18.15.34:633][  0]LogConfig: Setting CVar [[r.DistanceFieldShadowing:1]]
[2020.12.02-18.15.34:633][  0]LogConfig: Setting CVar [[r.DistanceFieldAO:1]]
[2020.12.02-18.15.34:633][  0]LogConfig: Setting CVar [[r.AOQuality:2]]
[2020.12.02-18.15.34:633][  0]LogConfig: Setting CVar [[r.VolumetricFog:1]]
[2020.12.02-18.15.34:634][  0]LogConfig: Setting CVar [[r.VolumetricFog.GridPixelSize:4]]
[2020.12.02-18.15.34:634][  0]LogConfig: Setting CVar [[r.VolumetricFog.GridSizeZ:128]]
[2020.12.02-18.15.34:634][  0]LogConfig: Setting CVar [[r.VolumetricFog.HistoryMissSupersampleCount:16]]
[2020.12.02-18.15.34:634][  0]LogConfig: Setting CVar [[r.LightMaxDrawDistanceScale:1]]
[2020.12.02-18.15.34:634][  0]LogConfig: Setting CVar [[r.CapsuleShadows:1]]
[2020.12.02-18.15.34:634][  0]LogConfig: Applying CVar settings from Section [PostProcessQuality@Cine] File [H:/UnrealProjects/UE4-Golf-Game/Golf_Game/Saved/Config/Windows/Scalability.ini]
[2020.12.02-18.15.34:634][  0]LogConfig: Setting CVar [[r.MotionBlurQuality:4]]
[2020.12.02-18.15.34:634][  0]LogConfig: Setting CVar [[r.AmbientOcclusionMipLevelFactor:0.4]]
[2020.12.02-18.15.34:634][  0]LogConfig: Setting CVar [[r.AmbientOcclusionMaxQuality:100]]
[2020.12.02-18.15.34:634][  0]LogConfig: Setting CVar [[r.AmbientOcclusionLevels:-1]]
[2020.12.02-18.15.34:634][  0]LogConfig: Setting CVar [[r.AmbientOcclusionRadiusScale:1.0]]
[2020.12.02-18.15.34:634][  0]LogConfig: Setting CVar [[r.DepthOfFieldQuality:4]]
[2020.12.02-18.15.34:634][  0]LogConfig: Setting CVar [[r.RenderTargetPoolMin:1000]]
[2020.12.02-18.15.34:634][  0]LogConfig: Setting CVar [[r.LensFlareQuality:3]]
[2020.12.02-18.15.34:634][  0]LogConfig: Setting CVar [[r.SceneColorFringeQuality:1]]
[2020.12.02-18.15.34:634][  0]LogConfig: Setting CVar [[r.EyeAdaptationQuality:2]]
[2020.12.02-18.15.34:634][  0]LogConfig: Setting CVar [[r.BloomQuality:5]]
[2020.12.02-18.15.34:634][  0]LogConfig: Setting CVar [[r.FastBlurThreshold:100]]
[2020.12.02-18.15.34:634][  0]LogConfig: Setting CVar [[r.Upscale.Quality:3]]
[2020.12.02-18.15.34:634][  0]LogConfig: Setting CVar [[r.Tonemapper.GrainQuantization:1]]
[2020.12.02-18.15.34:634][  0]LogConfig: Setting CVar [[r.LightShaftQuality:1]]
[2020.12.02-18.15.34:634][  0]LogConfig: Setting CVar [[r.Filter.SizeScale:1]]
[2020.12.02-18.15.34:634][  0]LogConfig: Setting CVar [[r.Tonemapper.Quality:5]]
[2020.12.02-18.15.34:634][  0]LogConfig: Setting CVar [[r.DOF.Gather.AccumulatorQuality:1        ; higher gathering accumulator quality]]
[2020.12.02-18.15.34:634][  0]LogConfig: Setting CVar [[r.DOF.Gather.PostfilterMethod:1          ; Median3x3 postfilering method]]
[2020.12.02-18.15.34:634][  0]LogConfig: Setting CVar [[r.DOF.Gather.EnableBokehSettings:1       ; bokeh simulation when gathering]]
[2020.12.02-18.15.34:634][  0]LogConfig: Setting CVar [[r.DOF.Gather.RingCount:5                 ; high number of samples when gathering]]
[2020.12.02-18.15.34:634][  0]LogConfig: Setting CVar [[r.DOF.Scatter.ForegroundCompositing:1    ; additive foreground scattering]]
[2020.12.02-18.15.34:634][  0]LogConfig: Setting CVar [[r.DOF.Scatter.BackgroundCompositing:2    ; background scattering occlusion]]
[2020.12.02-18.15.34:634][  0]LogConfig: Setting CVar [[r.DOF.Scatter.EnableBokehSettings:1      ; no bokeh simulation when scattering]]
[2020.12.02-18.15.34:634][  0]LogConfig: Setting CVar [[r.DOF.Scatter.MaxSpriteRatio:0.25        ; only a maximum of 10% of scattered bokeh]]
[2020.12.02-18.15.34:634][  0]LogConfig: Setting CVar [[r.DOF.Recombine.Quality:2                ; highest slight out of focus]]
[2020.12.02-18.15.34:634][  0]LogConfig: Setting CVar [[r.DOF.Recombine.EnableBokehSettings:1    ; bokeh simulation on slight out of focus]]
[2020.12.02-18.15.34:634][  0]LogConfig: Setting CVar [[r.DOF.TemporalAAQuality:1                ; more stable temporal accumulation]]
[2020.12.02-18.15.34:634][  0]LogConfig: Setting CVar [[r.DOF.Kernel.MaxForegroundRadius:0.025]]
[2020.12.02-18.15.34:634][  0]LogConfig: Setting CVar [[r.DOF.Kernel.MaxBackgroundRadius:0.025]]
[2020.12.02-18.15.34:634][  0]LogConfig: Applying CVar settings from Section [TextureQuality@Cine] File [H:/UnrealProjects/UE4-Golf-Game/Golf_Game/Saved/Config/Windows/Scalability.ini]
[2020.12.02-18.15.34:634][  0]LogConfig: Setting CVar [[r.Streaming.MipBias:0]]
[2020.12.02-18.15.34:634][  0]LogConfig: Setting CVar [[r.Streaming.AmortizeCPUToGPUCopy:0]]
[2020.12.02-18.15.34:634][  0]LogConfig: Setting CVar [[r.Streaming.MaxNumTexturesToStreamPerFrame:0]]
[2020.12.02-18.15.34:634][  0]LogConfig: Setting CVar [[r.Streaming.Boost:1]]
[2020.12.02-18.15.34:634][  0]LogConfig: Setting CVar [[r.MaxAnisotropy:8]]
[2020.12.02-18.15.34:634][  0]LogConfig: Setting CVar [[r.VT.MaxAnisotropy:8]]
[2020.12.02-18.15.34:634][  0]LogConfig: Setting CVar [[r.Streaming.LimitPoolSizeToVRAM:0]]
[2020.12.02-18.15.34:634][  0]LogConfig: Setting CVar [[r.Streaming.PoolSize:3000]]
[2020.12.02-18.15.34:634][  0]LogConfig: Setting CVar [[r.Streaming.MaxEffectiveScreenSize:0]]
[2020.12.02-18.15.34:634][  0]LogConfig: Applying CVar settings from Section [EffectsQuality@Cine] File [H:/UnrealProjects/UE4-Golf-Game/Golf_Game/Saved/Config/Windows/Scalability.ini]
[2020.12.02-18.15.34:634][  0]LogConfig: Setting CVar [[r.TranslucencyLightingVolumeDim:64]]
[2020.12.02-18.15.34:634][  0]LogConfig: Setting CVar [[r.RefractionQuality:2]]
[2020.12.02-18.15.34:634][  0]LogConfig: Setting CVar [[r.SSR.Quality:4]]
[2020.12.02-18.15.34:634][  0]LogConfig: Setting CVar [[r.SSR.HalfResSceneColor:0]]
[2020.12.02-18.15.34:634][  0]LogConfig: Setting CVar [[r.SceneColorFormat:4]]
[2020.12.02-18.15.34:634][  0]LogConfig: Setting CVar [[r.DetailMode:2]]
[2020.12.02-18.15.34:634][  0]LogConfig: Setting CVar [[r.TranslucencyVolumeBlur:1]]
[2020.12.02-18.15.34:635][  0]LogConfig: Setting CVar [[r.MaterialQualityLevel:1 ; High quality]]
[2020.12.02-18.15.34:635][  0]LogConfig: Setting CVar [[r.SSS.Scale:1]]
[2020.12.02-18.15.34:635][  0]LogConfig: Setting CVar [[r.SSS.SampleSet:2]]
[2020.12.02-18.15.34:635][  0]LogConfig: Setting CVar [[r.SSS.Quality:1]]
[2020.12.02-18.15.34:635][  0]LogConfig: Setting CVar [[r.SSS.HalfRes:0]]
[2020.12.02-18.15.34:635][  0]LogConfig: Setting CVar [[r.SSGI.Quality:4]]
[2020.12.02-18.15.34:635][  0]LogConfig: Setting CVar [[r.EmitterSpawnRateScale:1.0]]
[2020.12.02-18.15.34:635][  0]LogConfig: Setting CVar [[r.ParticleLightQuality:2]]
[2020.12.02-18.15.34:635][  0]LogConfig: Setting CVar [[r.SkyAtmosphere.AerialPerspectiveLUT.FastApplyOnOpaque:0]]
[2020.12.02-18.15.34:635][  0]LogConfig: Setting CVar [[r.SkyAtmosphere.AerialPerspectiveLUT.SampleCountPerSlice:2]]
[2020.12.02-18.15.34:635][  0]LogConfig: Setting CVar [[r.SkyAtmosphere.AerialPerspectiveLUT.DepthResolution:32.0]]
[2020.12.02-18.15.34:635][  0]LogConfig: Setting CVar [[r.SkyAtmosphere.FastSkyLUT:0]]
[2020.12.02-18.15.34:635][  0]LogConfig: Setting CVar [[r.SkyAtmosphere.FastSkyLUT.SampleCountMin:4.0]]
[2020.12.02-18.15.34:635][  0]LogConfig: Setting CVar [[r.SkyAtmosphere.FastSkyLUT.SampleCountMax:32.0]]
[2020.12.02-18.15.34:635][  0]LogConfig: Setting CVar [[r.SkyAtmosphere.SampleCountMin:8.0]]
[2020.12.02-18.15.34:635][  0]LogConfig: Setting CVar [[r.SkyAtmosphere.SampleCountMax:32.0]]
[2020.12.02-18.15.34:635][  0]LogConfig: Setting CVar [[r.SkyAtmosphere.TransmittanceLUT.UseSmallFormat:0]]
[2020.12.02-18.15.34:635][  0]LogConfig: Setting CVar [[r.SkyAtmosphere.TransmittanceLUT.SampleCount:30.0]]
[2020.12.02-18.15.34:635][  0]LogConfig: Setting CVar [[r.SkyAtmosphere.MultiScatteringLUT.SampleCount:20.0]]
[2020.12.02-18.15.34:635][  0]LogConfig: Applying CVar settings from Section [FoliageQuality@Cine] File [H:/UnrealProjects/UE4-Golf-Game/Golf_Game/Saved/Config/Windows/Scalability.ini]
[2020.12.02-18.15.34:635][  0]LogConfig: Setting CVar [[foliage.DensityScale:1.0]]
[2020.12.02-18.15.34:635][  0]LogConfig: Setting CVar [[grass.DensityScale:1.0]]
[2020.12.02-18.15.34:635][  0]LogConfig: Applying CVar settings from Section [ShadingQuality@3] File [H:/UnrealProjects/UE4-Golf-Game/Golf_Game/Saved/Config/Windows/Scalability.ini]
[2020.12.02-18.15.34:635][  0]LogConfig: Setting CVar [[r.HairStrands.SkyLighting.SampleCount:16]]
[2020.12.02-18.15.34:635][  0]LogConfig: Setting CVar [[r.HairStrands.SkyLighting.JitterIntegration:0]]
[2020.12.02-18.15.34:635][  0]LogConfig: Setting CVar [[r.HairStrands.SkyAO.SampleCount:16]]
[2020.12.02-18.15.34:635][  0]LogConfig: Setting CVar [[r.HairStrands.DeepShadow.SuperSampling:0]]
[2020.12.02-18.15.34:635][  0]LogConfig: Setting CVar [[r.HairStrands.VisibilityPPLL:0]]
[2020.12.02-18.15.34:635][  0]LogConfig: Setting CVar [[r.HairStrands.RasterizationScale:0.5]]
[2020.12.02-18.15.34:635][  0]LogConfig: Setting CVar [[r.HairStrands.VelocityRasterizationScale:1]]
[2020.12.02-18.15.34:635][  0]LogConfig: Applying CVar settings from Section [Startup] File [../../../Engine/Config/ConsoleVariables.ini]
[2020.12.02-18.15.34:635][  0]LogConfig: Setting CVar [[net.UseAdaptiveNetUpdateFrequency:0]]
[2020.12.02-18.15.34:636][  0]LogConfig: Setting CVar [[p.chaos.AllowCreatePhysxBodies:1]]
[2020.12.02-18.15.34:636][  0]LogConfig: Setting CVar [[fx.SkipVectorVMBackendOptimizations:1]]
[2020.12.02-18.15.34:636][  0]LogConfig: Applying CVar settings from Section [ConsoleVariables] File [H:/UnrealProjects/UE4-Golf-Game/Golf_Game/Saved/Config/Windows/Engine.ini]
[2020.12.02-18.15.34:636][  0]LogInit: Computer: CHRONOS
[2020.12.02-18.15.34:636][  0]LogInit: User: Andre
[2020.12.02-18.15.34:636][  0]LogInit: CPU Page size=4096, Cores=16
[2020.12.02-18.15.34:636][  0]LogInit: High frequency timer resolution =10.000000 MHz
[2020.12.02-18.15.34:636][  0]LogMemory: Memory total: Physical=32.0GB (32GB approx)
[2020.12.02-18.15.34:636][  0]LogMemory: Platform Memory Stats for Windows
[2020.12.02-18.15.34:636][  0]LogMemory: Process Physical Memory: 125.79 MB used, 125.79 MB peak
[2020.12.02-18.15.34:636][  0]LogMemory: Process Virtual Memory: 104.20 MB used, 104.20 MB peak
[2020.12.02-18.15.34:636][  0]LogMemory: Physical Memory: 10016.94 MB used,  22701.25 MB free, 32718.19 MB total
[2020.12.02-18.15.34:636][  0]LogMemory: Virtual Memory: 5271.35 MB used,  134212456.00 MB free, 134217728.00 MB total
[2020.12.02-18.15.34:645][  0]LogWindows: WindowsPlatformFeatures enabled
[2020.12.02-18.15.34:696][  0]LogInit: Physics initialised using underlying interface: PhysX
[2020.12.02-18.15.34:697][  0]LogInit: Using OS detected language (en-GB).
[2020.12.02-18.15.34:697][  0]LogInit: Using OS detected locale (en-CA).
[2020.12.02-18.15.34:701][  0]LogTextLocalizationManager: No specific localization for 'en-GB' exists, so the 'en' localization will be used.
[2020.12.02-18.15.34:932][  0]LogInit: Setting process to per monitor DPI aware
[2020.12.02-18.15.34:977][  0]LogSlate: New Slate User Created.  User Index 0, Is Virtual User: 0
[2020.12.02-18.15.34:977][  0]LogSlate: Slate User Registered.  User Index 0, Is Virtual User: 0
[2020.12.02-18.15.35:293][  0]LogHMD: Failed to initialize OpenVR with code 110
[2020.12.02-18.15.35:293][  0]LogD3D11RHI: D3D11 min allowed feature level: 11_0
[2020.12.02-18.15.35:293][  0]LogD3D11RHI: D3D11 max allowed feature level: 11_0
[2020.12.02-18.15.35:293][  0]LogD3D11RHI: D3D11 adapters:
[2020.12.02-18.15.35:433][  0]LogD3D11RHI:    0. 'NVIDIA GeForce GTX 980 Ti' (Feature Level 11_0)
[2020.12.02-18.15.35:433][  0]LogD3D11RHI:       6097/0/16359 MB DedicatedVideo/DedicatedSystem/SharedSystem, Outputs:1, VendorId:0x10de
[2020.12.02-18.15.35:438][  0]LogD3D11RHI:    1. 'Microsoft Basic Render Driver' (Feature Level 11_0)
[2020.12.02-18.15.35:438][  0]LogD3D11RHI:       0/0/16359 MB DedicatedVideo/DedicatedSystem/SharedSystem, Outputs:0, VendorId:0x1414
[2020.12.02-18.15.35:438][  0]LogD3D11RHI: Chosen D3D11 Adapter: 0
[2020.12.02-18.15.35:449][  0]LogD3D11RHI: Creating new Direct3DDevice
[2020.12.02-18.15.35:449][  0]LogD3D11RHI:     GPU DeviceId: 0x17c8 (for the marketing name, search the web for "GPU Device Id")
[2020.12.02-18.15.35:449][  0]LogWindows: EnumDisplayDevices:
[2020.12.02-18.15.35:449][  0]LogWindows:    0. 'NVIDIA GeForce GTX 980 Ti' (P:1 D:1)
[2020.12.02-18.15.35:450][  0]LogWindows:    1. 'NVIDIA GeForce GTX 980 Ti' (P:0 D:0)
[2020.12.02-18.15.35:450][  0]LogWindows:    2. 'NVIDIA GeForce GTX 980 Ti' (P:0 D:0)
[2020.12.02-18.15.35:450][  0]LogWindows:    3. 'NVIDIA GeForce GTX 980 Ti' (P:0 D:0)
[2020.12.02-18.15.35:451][  0]LogWindows: DebugString: FoundDriverCount:4 
[2020.12.02-18.15.35:451][  0]LogD3D11RHI:     Adapter Name: NVIDIA GeForce GTX 980 Ti
[2020.12.02-18.15.35:451][  0]LogD3D11RHI:   Driver Version: 451.67 (internal:27.21.14.5167, unified:451.67)
[2020.12.02-18.15.35:451][  0]LogD3D11RHI:      Driver Date: 7-5-2020
[2020.12.02-18.15.35:451][  0]LogRHI: Texture pool is 4268 MB (70% of 6097 MB)
[2020.12.02-18.15.35:535][  0]LogD3D11RHI: RHI has support for 64 bit atomics
[2020.12.02-18.15.35:540][  0]LogD3D11RHI: [Aftermath] Enabled and primed
[2020.12.02-18.15.35:540][  0]LogD3D11RHI: Async texture creation enabled
[2020.12.02-18.15.35:540][  0]LogD3D11RHI: Array index from any shader is supported
[2020.12.02-18.15.35:572][  0]LogD3D11RHI: GPU Timing Frequency: 1000.000000 (Debug: 2 1)
[2020.12.02-18.15.36:074][  0]LogTargetPlatformManager: Display: Loaded TargetPlatform 'AllDesktop'
[2020.12.02-18.15.36:104][  0]LogTargetPlatformManager: Display: Loaded TargetPlatform 'Android'
[2020.12.02-18.15.36:104][  0]LogTargetPlatformManager: Display: Loaded TargetPlatform 'Android_ASTC'
[2020.12.02-18.15.36:104][  0]LogTargetPlatformManager: Display: Loaded TargetPlatform 'Android_DXT'
[2020.12.02-18.15.36:104][  0]LogTargetPlatformManager: Display: Loaded TargetPlatform 'Android_ETC2'
[2020.12.02-18.15.36:104][  0]LogTargetPlatformManager: Display: Loaded TargetPlatform 'AndroidClient'
[2020.12.02-18.15.36:104][  0]LogTargetPlatformManager: Display: Loaded TargetPlatform 'Android_ASTCClient'
[2020.12.02-18.15.36:104][  0]LogTargetPlatformManager: Display: Loaded TargetPlatform 'Android_DXTClient'
[2020.12.02-18.15.36:104][  0]LogTargetPlatformManager: Display: Loaded TargetPlatform 'Android_ETC2Client'
[2020.12.02-18.15.36:104][  0]LogTargetPlatformManager: Display: Loaded TargetPlatform 'Android_Multi'
[2020.12.02-18.15.36:104][  0]LogTargetPlatformManager: Display: Loaded TargetPlatform 'Android_MultiClient'
[2020.12.02-18.15.36:137][  0]LogTargetPlatformManager: Display: Loaded TargetPlatform 'IOSClient'
[2020.12.02-18.15.36:137][  0]LogTargetPlatformManager: Display: Loaded TargetPlatform 'IOS'
[2020.12.02-18.15.36:155][  0]LogTargetPlatformManager: Display: Loaded TargetPlatform 'Linux'
[2020.12.02-18.15.36:169][  0]LogTargetPlatformManager: Display: Loaded TargetPlatform 'LinuxNoEditor'
[2020.12.02-18.15.36:182][  0]LogTargetPlatformManager: Display: Loaded TargetPlatform 'LinuxClient'
[2020.12.02-18.15.36:196][  0]LogTargetPlatformManager: Display: Loaded TargetPlatform 'LinuxServer'
[2020.12.02-18.15.36:209][  0]LogTargetPlatformManager: Display: Loaded TargetPlatform 'LinuxAArch64NoEditor'
[2020.12.02-18.15.36:222][  0]LogTargetPlatformManager: Display: Loaded TargetPlatform 'LinuxAArch64Client'
[2020.12.02-18.15.36:235][  0]LogTargetPlatformManager: Display: Loaded TargetPlatform 'LinuxAArch64Server'
[2020.12.02-18.15.36:269][  0]LogTargetPlatformManager: Display: Loaded TargetPlatform 'Lumin'
[2020.12.02-18.15.36:269][  0]LogTargetPlatformManager: Display: Loaded TargetPlatform 'LuminClient'
[2020.12.02-18.15.36:292][  0]LogTargetPlatformManager: Display: Loaded TargetPlatform 'TVOSClient'
[2020.12.02-18.15.36:292][  0]LogTargetPlatformManager: Display: Loaded TargetPlatform 'TVOS'
[2020.12.02-18.15.36:305][  0]LogTargetPlatformManager: Display: Loaded TargetPlatform 'WindowsNoEditor'
[2020.12.02-18.15.36:318][  0]LogTargetPlatformManager: Display: Loaded TargetPlatform 'Windows'
[2020.12.02-18.15.36:330][  0]LogTargetPlatformManager: Display: Loaded TargetPlatform 'WindowsClient'
[2020.12.02-18.15.36:343][  0]LogTargetPlatformManager: Display: Loaded TargetPlatform 'WindowsServer'
[2020.12.02-18.15.36:343][  0]LogTargetPlatformManager: Display: Building Assets For Windows
[2020.12.02-18.15.36:354][  0]LogAudioDebug: Display: Lib vorbis DLL was dynamically loaded.
[2020.12.02-18.15.36:440][  0]LogShaderCompilers: Guid format shader working directory is 4 characters bigger than the processId version (H:/UnrealProjects/UE4-Golf-Game/Golf_Game/Intermediate/Shaders/WorkingDirectory/28664/).
[2020.12.02-18.15.36:440][  0]LogShaderCompilers: Cleaned the shader compiler working directory 'C:/Users/ANDRE/AppData/Local/Temp/UnrealShaderWorkingDir/EDDFA8F14DD6EA29E4BA68B7805CE58F/'.
[2020.12.02-18.15.36:442][  0]LogShaderCompilers: Display: Using XGE Shader Compiler (Interception Interface).
[2020.12.02-18.15.37:543][  0]LogDerivedDataCache: Display: Max Cache Size: 512 MB
[2020.12.02-18.15.37:608][  0]LogDerivedDataCache: Loaded boot cache 0.06s 75MB C:/Users/ANDRE/AppData/Local/UnrealEngine/4.25/DerivedDataCache/Boot.ddc.
[2020.12.02-18.15.37:608][  0]LogDerivedDataCache: Display: Loaded Boot cache: C:/Users/ANDRE/AppData/Local/UnrealEngine/4.25/DerivedDataCache/Boot.ddc
[2020.12.02-18.15.37:608][  0]LogDerivedDataCache: FDerivedDataBackendGraph:  Pak pak cache file H:/UnrealProjects/UE4-Golf-Game/Golf_Game/DerivedDataCache/DDC.ddp not found, will not use a pak cache.
[2020.12.02-18.15.37:608][  0]LogDerivedDataCache: Unable to find inner node Pak for hierarchical cache Hierarchy.
[2020.12.02-18.15.37:608][  0]LogDerivedDataCache: FDerivedDataBackendGraph:  CompressedPak pak cache file H:/UnrealProjects/UE4-Golf-Game/Golf_Game/DerivedDataCache/Compressed.ddp not found, will not use a pak cache.
[2020.12.02-18.15.37:608][  0]LogDerivedDataCache: Unable to find inner node CompressedPak for hierarchical cache Hierarchy.
[2020.12.02-18.15.37:622][  0]LogDerivedDataCache: Display: Pak cache opened for reading ../../../Engine/DerivedDataCache/Compressed.ddp.
[2020.12.02-18.15.37:622][  0]LogDerivedDataCache: FDerivedDataBackendGraph:  EnterprisePak pak cache file ../../../Enterprise/DerivedDataCache/Compressed.ddp not found, will not use a pak cache.
[2020.12.02-18.15.37:622][  0]LogDerivedDataCache: Unable to find inner node EnterprisePak for hierarchical cache Hierarchy.
[2020.12.02-18.15.37:624][  0]LogDerivedDataCache: Using Local data cache path C:/Users/ANDRE/AppData/Local/UnrealEngine/Common/DerivedDataCache: Writable
[2020.12.02-18.15.37:624][  0]LogDerivedDataCache: Shared data cache path not found in *engine.ini, will not use an Shared cache.
[2020.12.02-18.15.37:624][  0]LogDerivedDataCache: Unable to find inner node Shared for hierarchical cache Hierarchy.
[2020.12.02-18.15.37:703][  0]LogSlate: Using FreeType 2.10.0
[2020.12.02-18.15.37:703][  0]LogSlate: SlateFontServices - WITH_FREETYPE: 1, WITH_HARFBUZZ: 1
[2020.12.02-18.15.37:742][  0]LogAssetRegistry: FAssetRegistry took 0.0035 seconds to start up
[2020.12.02-18.15.38:084][  0]LogInit: Selected Device Profile: [Windows]
[2020.12.02-18.15.38:280][  0]LogMeshReduction: Using QuadricMeshReduction for automatic static mesh reduction
[2020.12.02-18.15.38:280][  0]LogMeshReduction: Using SimplygonMeshReduction for automatic skeletal mesh reduction
[2020.12.02-18.15.38:280][  0]LogMeshReduction: Using ProxyLODMeshReduction for automatic mesh merging
[2020.12.02-18.15.38:280][  0]LogMeshReduction: No distributed automatic mesh merging module available
[2020.12.02-18.15.38:280][  0]LogMeshMerging: No distributed automatic mesh merging module available
[2020.12.02-18.15.38:303][  0]LogNetVersion: Golf_Game 1.0.0, NetCL: 13144385, EngineNetVer: 14, GameNetVer: 0 (Checksum: 1412154618)
[2020.12.02-18.15.38:928][  0]LogAISub: UAISubsystem::UAISubsystem AISubsystem (00000231A043C380), frame # 0
[2020.12.02-18.15.38:928][  0]LogAISub: UAISubsystem::UAISubsystem AIPerceptionSystem (00000231A0376AC0), frame # 0
[2020.12.02-18.15.38:930][  0]LogAISub: UAISubsystem::UAISubsystem EnvQueryManager (00000231A03BDE00), frame # 0
[2020.12.02-18.15.38:971][  0]LogPackageLocalizationCache: Processed 21 localized package path(s) for 1 prioritized culture(s) in 0.032885 seconds
[2020.12.02-18.15.38:978][  0]LogUObjectArray: 15917 objects as part of root set at end of initial load.
[2020.12.02-18.15.38:978][  0]LogUObjectAllocator: 3965568 out of 0 bytes used by permanent object pool.
[2020.12.02-18.15.38:978][  0]LogUObjectArray: CloseDisregardForGC: 0/0 objects in disregard for GC pool
[2020.12.02-18.15.39:401][  0]LogPython: Using Python 2.7.14
[2020.12.02-18.15.40:583][  0]LogTcpMessaging: Initializing TcpMessaging bridge
[2020.12.02-18.15.40:589][  0]LogUdpMessaging: Initializing bridge on interface 0.0.0.0:0 to multicast group 230.0.0.1:6666.
[2020.12.02-18.15.40:773][  0]SourceControl: Source control is disabled
[2020.12.02-18.15.40:773][  0]SourceControl: Source control is disabled
[2020.12.02-18.15.40:777][  0]SourceControl: Source control is disabled
[2020.12.02-18.15.40:782][  0]SourceControl: Source control is disabled
[2020.12.02-18.15.40:795][  0]SourceControl: Source control is disabled
[2020.12.02-18.15.41:244][  0]LogAndroidPermission: UAndroidPermissionCallbackProxy::GetInstance
[2020.12.02-18.15.41:287][  0]LogAudioCaptureCore: Display: No Audio Capture implementations found. Audio input will be silent.
[2020.12.02-18.15.41:287][  0]LogAudioCaptureCore: Display: No Audio Capture implementations found. Audio input will be silent.
[2020.12.02-18.15.41:386][  0]LogOcInput: OculusInput pre-init called
[2020.12.02-18.15.41:403][  0]LogWindows: Failed to load 'OVRPlugin.dll' (GetLastError=126)
[2020.12.02-18.15.41:403][  0]LogWindows: File 'OVRPlugin.dll' does not exist
[2020.12.02-18.15.41:923][  0]LogEngine: Initializing Engine...
[2020.12.02-18.15.41:924][  0]LogHMD: Failed to initialize OpenVR with code 110
[2020.12.02-18.15.41:924][  0]LogMagicLeap: Warning: VR disabled because ZI is not enabled.  To enable, in the editor, Edit -> Project Settings -> Plugins -> Magic Leap Plugin -> Enable Zero Iteration
[2020.12.02-18.15.41:926][  0]LogStats: UGameplayTagsManager::InitializeManager -  0.000 s
[2020.12.02-18.15.42:087][  0]LogInit: Initializing FReadOnlyCVARCache
[2020.12.02-18.15.42:103][  0]LogAIModule: Creating AISystem for world Untitled
[2020.12.02-18.15.42:104][  0]LogAISub: UAISubsystem::UAISubsystem EnvQueryManager (00000231B1A1BC00), frame # 0
[2020.12.02-18.15.42:104][  0]LogAISub: UAISubsystem::UAISubsystem AIPerceptionSystem (00000231B1A17600), frame # 0
[2020.12.02-18.15.42:120][  0]LogAudioMixer: Display: Audio Mixer Platform Settings:
[2020.12.02-18.15.42:120][  0]LogAudioMixer: Display: 	Sample Rate:						  48000
[2020.12.02-18.15.42:120][  0]LogAudioMixer: Display: 	Callback Buffer Frame Size Requested: 1024
[2020.12.02-18.15.42:121][  0]LogAudioMixer: Display: 	Callback Buffer Frame Size To Use:	  1024
[2020.12.02-18.15.42:121][  0]LogAudioMixer: Display: 	Number of buffers to queue:			  2
[2020.12.02-18.15.42:121][  0]LogAudioMixer: Display: 	Max Channels (voices):				  32
[2020.12.02-18.15.42:121][  0]LogAudioMixer: Display: 	Number of Async Source Workers:		  0
[2020.12.02-18.15.42:121][  0]LogAudio: Display: AudioDevice MaxSources: 32
[2020.12.02-18.15.42:121][  0]LogAudio: Display: Using built-in audio occlusion.
[2020.12.02-18.15.42:121][  0]LogAudioMixer: Display: Initializing audio mixer.
[2020.12.02-18.15.42:145][  0]LogAudioMixer: Display: 0: FrontLeft
[2020.12.02-18.15.42:145][  0]LogAudioMixer: Display: 1: FrontRight
[2020.12.02-18.15.42:214][  0]LogAudioMixer: Display: Using Audio Device Speakers (Focusrite Usb Audio)
[2020.12.02-18.15.42:214][  0]LogAudioMixer: Display: Initializing Sound Submixes...
[2020.12.02-18.15.42:218][  0]LogAudioMixer: Display: Creating Master Submix 'MasterSubmixDefault'
[2020.12.02-18.15.42:218][  0]LogAudioMixer: Display: Creating Master Submix 'MasterReverbSubmixDefault'
[2020.12.02-18.15.42:219][  0]LogAudioMixer: Display: Creating Master Submix 'MasterEQSubmixDefault'
[2020.12.02-18.15.42:220][  0]LogInit: FAudioDevice initialized.
[2020.12.02-18.15.42:220][  0]LogNetVersion: Set ProjectVersion to 1.0.0.0. Version Checksum will be recalculated on next use.
[2020.12.02-18.15.42:449][  0]LogDerivedDataCache: Saved boot cache 0.23s 75MB C:/Users/ANDRE/AppData/Local/UnrealEngine/4.25/DerivedDataCache/Boot.ddc.
[2020.12.02-18.15.42:449][  0]LogInit: Texture streaming: Enabled
[2020.12.02-18.15.42:474][  0]LogEngineSessionManager: EngineSessionManager initialized
[2020.12.02-18.15.42:474][  0]LogEditorSessionSummary: Verbose: Initializing EditorSessionSummaryWriter for editor session tracking
[2020.12.02-18.15.42:477][  0]LogEditorSessionSummary: EditorSessionSummaryWriter initialized
[2020.12.02-18.15.42:577][  0]LogInit: Transaction tracking system initialized
[2020.12.02-18.15.42:615][  0]BlueprintLog: New page: Editor Load
[2020.12.02-18.15.42:729][  0]LocalizationService: Localization service is disabled
[2020.12.02-18.15.43:493][  0]LogCook: Display: Max memory allowance for cook 16384mb min free memory 0mb
[2020.12.02-18.15.43:493][  0]LogCook: Display: Mobile HDR setting 1
[2020.12.02-18.15.43:708][  0]LogFileCache: Scanning file cache for directory 'H:/UnrealProjects/UE4-Golf-Game/Golf_Game/Content/' took 0.00s
[2020.12.02-18.15.43:969][  0]SourceControl: Source control is disabled
[2020.12.02-18.15.43:969][  0]LogUnrealEdMisc: Loading editor; pre map load, took 15.014
[2020.12.02-18.15.43:970][  0]Cmd: MAP LOAD FILE="../../../Engine/Content/Maps/Templates/Template_Default.umap" TEMPLATE=1 SHOWPROGRESS=1 FEATURELEVEL=3
[2020.12.02-18.15.43:970][  0]LightingResults: New page: Lighting Build
[2020.12.02-18.15.43:973][  0]LogWorld: UWorld::CleanupWorld for Untitled, bSessionEnded=true, bCleanupResources=true
[2020.12.02-18.15.43:973][  0]LogSlate: InvalidateAllWidgets triggered.  All widgets were invalidated
[2020.12.02-18.15.43:973][  0]MapCheck: New page: Map Check
[2020.12.02-18.15.43:973][  0]LightingResults: New page: Lighting Build
[2020.12.02-18.15.44:011][  0]LogAISub: UAISubsystem::~UAISubsystem EnvQueryManager (00000231B1A1BC00), frame # 0
[2020.12.02-18.15.44:011][  0]LogAISub: UAISubsystem::~UAISubsystem AIPerceptionSystem (00000231B1A17600), frame # 0
[2020.12.02-18.15.44:013][  0]LogUObjectHash: Compacting FUObjectHashTables data took   1.22ms
[2020.12.02-18.15.44:117][  0]LogAIModule: Creating AISystem for world Untitled_1
[2020.12.02-18.15.44:117][  0]LogAISub: UAISubsystem::UAISubsystem EnvQueryManager (0000023199EEFE00), frame # 0
[2020.12.02-18.15.44:117][  0]LogAISub: UAISubsystem::UAISubsystem AIPerceptionSystem (0000023199FD16C0), frame # 0
[2020.12.02-18.15.44:123][  0]LogEditorServer: Finished looking for orphan Actors (0.000 secs)
[2020.12.02-18.15.44:155][  0]LogUObjectHash: Compacting FUObjectHashTables data took   1.32ms
[2020.12.02-18.15.44:156][  0]Cmd: MAP CHECKDEP NOCLEARLOG
[2020.12.02-18.15.44:156][  0]MapCheck: Map check complete: 0 Error(s), 0 Warning(s), took 0.187ms to complete.
[2020.12.02-18.15.44:156][  0]LogFileHelpers: Loading map 'Template_Default' took 0.187
[2020.12.02-18.15.44:159][  0]LogUnrealEdMisc: Total Editor Startup Time, took 15.204
[2020.12.02-18.15.44:846][  0]LogSlate: Updating window title bar state: overlay mode, drag disabled, window buttons hidden, title bar hidden
[2020.12.02-18.15.44:858][  0]LogSlate: Updating window title bar state: overlay mode, drag disabled, window buttons hidden, title bar hidden
[2020.12.02-18.15.44:868][  0]LogSlate: Updating window title bar state: overlay mode, drag disabled, window buttons hidden, title bar hidden
[2020.12.02-18.15.44:878][  0]LogSlate: Updating window title bar state: overlay mode, drag disabled, window buttons hidden, title bar hidden
[2020.12.02-18.15.44:970][  0]LogCollectionManager: Loaded 0 collections in 0.001159 seconds
[2020.12.02-18.15.45:224][  0]LogFileCache: Scanning file cache for directory 'H:/UnrealProjects/UE4-Golf-Game/Golf_Game/Saved/Collections/' took 0.00s
[2020.12.02-18.15.45:224][  0]LogFileCache: Scanning file cache for directory 'H:/UnrealProjects/UE4-Golf-Game/Golf_Game/Content/Developers/Andre/Collections/' took 0.00s
[2020.12.02-18.15.45:225][  0]LogFileCache: Scanning file cache for directory 'H:/UnrealProjects/UE4-Golf-Game/Golf_Game/Content/Collections/' took 0.00s
[2020.12.02-18.15.45:225][  0]LogContentBrowser: Native class hierarchy populated in 0.0159 seconds. Added 3446 classes and 828 folders.
[2020.12.02-18.15.45:440][  0]LogContentBrowser: Native class hierarchy updated for 'WidgetCarousel' in 0.0003 seconds. Added 0 classes and 0 folders.
[2020.12.02-18.15.46:911][  0]LogContentBrowser: Native class hierarchy updated for 'AddContentDialog' in 0.0004 seconds. Added 0 classes and 0 folders.
[2020.12.02-18.15.47:073][  0]LogContentBrowser: Native class hierarchy updated for 'SceneOutliner' in 0.0003 seconds. Added 2 classes and 0 folders.
[2020.12.02-18.15.47:731][  0]LogSlate: Took 0.000276 seconds to synchronously load lazily loaded font '../../../Engine/Content/Slate/Fonts/Roboto-Regular.ttf' (155K)
[2020.12.02-18.15.47:749][  0]LogSlate: Took 0.000267 seconds to synchronously load lazily loaded font '../../../Engine/Content/Slate/Fonts/Roboto-Bold.ttf' (160K)
[2020.12.02-18.15.47:829][  0]LogSlate: Took 0.013325 seconds to synchronously load lazily loaded font '../../../Engine/Content/Editor/Slate/Fonts/FontAwesome.ttf' (139K)
[2020.12.02-18.15.48:429][  0]LogRenderer: Reallocating scene render targets to support 1616x836 Format 10 NumSamples 1 (Frame:1).
[2020.12.02-18.15.48:978][  0]LogContentBrowser: Native class hierarchy updated for 'HierarchicalLODOutliner' in 0.0003 seconds. Added 0 classes and 0 folders.
[2020.12.02-18.15.48:979][  0]LogLoad: (Engine Initialization) Total time: 20.02 seconds
[2020.12.02-18.15.48:979][  0]LogLoad: (Engine Initialization) Total Blueprint compile time: 0.00 seconds
[2020.12.02-18.15.49:224][  0]LogContentStreaming: Texture pool size now 3000 MB
[2020.12.02-18.15.49:467][  1]LogAssetRegistry: Asset discovery search completed in 11.7266 seconds
[2020.12.02-18.15.49:472][  1]LogCollectionManager: Fixed up redirectors for 0 collections in 0.000006 seconds (updated 0 objects)
[2020.12.02-18.15.50:059][ 29]LogSlate: Took 0.039920 seconds to synchronously load lazily loaded font '../../../Engine/Content/Slate/Fonts/Roboto-Light.ttf' (167K)
[2020.12.02-18.16.08:658][208]LogTemp: Repeating last play command: Selected Viewport
[2020.12.02-18.16.08:712][208]LogPlayLevel: PlayLevel: No blueprints needed recompiling
[2020.12.02-18.16.08:725][208]PIE: New page: PIE session: Untitled_1 (Dec. 2, 2020, 2:16:08 a.m.)
[2020.12.02-18.16.08:741][208]LogOnline: OSS: Creating online subsystem instance for: NULL
[2020.12.02-18.16.08:778][208]LogOnline: OSS: TryLoadSubsystemAndSetDefault: Loaded subsystem for module [NULL]
[2020.12.02-18.16.08:778][208]LogPlayLevel: Creating play world package: /Temp/UEDPIE_0_Untitled_1
[2020.12.02-18.16.08:808][208]LogPlayLevel: PIE: StaticDuplicateObject took: (0.030154s)
[2020.12.02-18.16.08:830][208]LogAIModule: Creating AISystem for world Untitled_1
[2020.12.02-18.16.08:830][208]LogAISub: UAISubsystem::UAISubsystem EnvQueryManager (00000231C5EDA600), frame # 2208
[2020.12.02-18.16.08:830][208]LogAISub: UAISubsystem::UAISubsystem AIPerceptionSystem (00000231B20F1BC0), frame # 2208
[2020.12.02-18.16.08:830][208]LogPlayLevel: PIE: World Init took: (0.001848s)
[2020.12.02-18.16.08:830][208]LogPlayLevel: PIE: Created PIE world by copying editor world from /Temp/Untitled_1.Untitled_1 to /Temp/UEDPIE_0_Untitled_1.Untitled_1 (0.052194s)
[2020.12.02-18.16.08:885][208]LogUObjectHash: Compacting FUObjectHashTables data took   0.91ms
[2020.12.02-18.16.08:886][208]LogAudioMixer: Display: Audio Mixer Platform Settings:
[2020.12.02-18.16.08:886][208]LogAudioMixer: Display: 	Sample Rate:						  48000
[2020.12.02-18.16.08:886][208]LogAudioMixer: Display: 	Callback Buffer Frame Size Requested: 1024
[2020.12.02-18.16.08:886][208]LogAudioMixer: Display: 	Callback Buffer Frame Size To Use:	  1024
[2020.12.02-18.16.08:886][208]LogAudioMixer: Display: 	Number of buffers to queue:			  2
[2020.12.02-18.16.08:886][208]LogAudioMixer: Display: 	Max Channels (voices):				  32
[2020.12.02-18.16.08:886][208]LogAudioMixer: Display: 	Number of Async Source Workers:		  0
[2020.12.02-18.16.08:886][208]LogAudio: Display: AudioDevice MaxSources: 32
[2020.12.02-18.16.08:887][208]LogAudio: Display: Using built-in audio occlusion.
[2020.12.02-18.16.08:887][208]LogAudioMixer: Display: Initializing audio mixer.
[2020.12.02-18.16.08:898][208]LogAudioMixer: Display: 0: FrontLeft
[2020.12.02-18.16.08:898][208]LogAudioMixer: Display: 1: FrontRight
[2020.12.02-18.16.09:094][208]LogAudioMixer: Display: Using Audio Device Speakers (Focusrite Usb Audio)
[2020.12.02-18.16.09:095][208]LogAudioMixer: Display: Initializing Sound Submixes...
[2020.12.02-18.16.09:095][208]LogAudioMixer: Display: Creating Master Submix 'MasterSubmixDefault'
[2020.12.02-18.16.09:095][208]LogAudioMixer: Display: Creating Master Submix 'MasterReverbSubmixDefault'
[2020.12.02-18.16.09:095][208]LogAudioMixer: Display: Creating Master Submix 'MasterEQSubmixDefault'
[2020.12.02-18.16.09:110][208]LogInit: FAudioDevice initialized.
[2020.12.02-18.16.09:122][208]LogLoad: Game class is 'GameModeBase'
[2020.12.02-18.16.09:161][208]LogWorld: Bringing World /Temp/UEDPIE_0_Untitled_1.Untitled_1 up for play (max tick rate 0) at 2020.12.02-10.16.09
[2020.12.02-18.16.09:192][208]LogWorld: Bringing up level for play took: 0.031382
[2020.12.02-18.16.09:192][208]LogOnline: OSS: Creating online subsystem instance for: :Context_1
[2020.12.02-18.16.09:494][208]LogContentBrowser: Native class hierarchy updated for 'MovieSceneCapture' in 0.0004 seconds. Added 20 classes and 0 folders.
[2020.12.02-18.16.09:604][208]PIE: Server logged in
[2020.12.02-18.16.09:641][208]PIE: Play in editor total start time 0.929 seconds.
[2020.12.02-18.16.13:583][661]LogSlate: Updating window title bar state: overlay mode, drag disabled, window buttons hidden, title bar hidden
[2020.12.02-18.16.13:583][661]LogWorld: BeginTearingDown for /Temp/UEDPIE_0_Untitled_1
[2020.12.02-18.16.13:583][661]LogWorld: UWorld::CleanupWorld for Untitled_1, bSessionEnded=true, bCleanupResources=true
[2020.12.02-18.16.13:584][661]LogSlate: InvalidateAllWidgets triggered.  All widgets were invalidated
[2020.12.02-18.16.13:605][661]LogPlayLevel: Display: Shutting down PIE online subsystems
[2020.12.02-18.16.13:606][661]LogSlate: InvalidateAllWidgets triggered.  All widgets were invalidated
[2020.12.02-18.16.13:657][661]LogSlate: Updating window title bar state: overlay mode, drag disabled, window buttons hidden, title bar hidden
[2020.12.02-18.16.13:658][661]LogAISub: UAISubsystem::~UAISubsystem AIPerceptionSystem (00000231B20F1BC0), frame # 2661
[2020.12.02-18.16.13:658][661]LogAISub: UAISubsystem::~UAISubsystem EnvQueryManager (00000231C5EDA600), frame # 2661
[2020.12.02-18.16.13:660][661]LogUObjectHash: Compacting FUObjectHashTables data took   1.01ms
[2020.12.02-18.16.13:716][662]LogPlayLevel: Display: Destroying online subsystem :Context_1
[2020.12.02-18.16.25:842][884]LogTemp: Repeating last play command: Selected Viewport
[2020.12.02-18.16.25:852][884]LogPlayLevel: PlayLevel: No blueprints needed recompiling
[2020.12.02-18.16.25:853][884]PIE: New page: PIE session: Untitled_1 (Dec. 2, 2020, 2:16:25 a.m.)
[2020.12.02-18.16.25:882][884]LogPlayLevel: Creating play world package: /Temp/UEDPIE_0_Untitled_1
[2020.12.02-18.16.25:885][884]LogPlayLevel: PIE: StaticDuplicateObject took: (0.003210s)
[2020.12.02-18.16.25:887][884]LogAIModule: Creating AISystem for world Untitled_1
[2020.12.02-18.16.25:887][884]LogAISub: UAISubsystem::UAISubsystem EnvQueryManager (00000231BD74E200), frame # 3884
[2020.12.02-18.16.25:887][884]LogAISub: UAISubsystem::UAISubsystem AIPerceptionSystem (0000023193B5B240), frame # 3884
[2020.12.02-18.16.25:888][884]LogPlayLevel: PIE: World Init took: (0.002230s)
[2020.12.02-18.16.25:888][884]LogPlayLevel: PIE: Created PIE world by copying editor world from /Temp/Untitled_1.Untitled_1 to /Temp/UEDPIE_0_Untitled_1.Untitled_1 (0.005620s)
[2020.12.02-18.16.25:919][884]LogUObjectHash: Compacting FUObjectHashTables data took   1.19ms
[2020.12.02-18.16.25:920][884]LogAudioMixer: Display: Audio Mixer Platform Settings:
[2020.12.02-18.16.25:920][884]LogAudioMixer: Display: 	Sample Rate:						  48000
[2020.12.02-18.16.25:920][884]LogAudioMixer: Display: 	Callback Buffer Frame Size Requested: 1024
[2020.12.02-18.16.25:920][884]LogAudioMixer: Display: 	Callback Buffer Frame Size To Use:	  1024
[2020.12.02-18.16.25:920][884]LogAudioMixer: Display: 	Number of buffers to queue:			  2
[2020.12.02-18.16.25:920][884]LogAudioMixer: Display: 	Max Channels (voices):				  32
[2020.12.02-18.16.25:920][884]LogAudioMixer: Display: 	Number of Async Source Workers:		  0
[2020.12.02-18.16.25:920][884]LogAudio: Display: AudioDevice MaxSources: 32
[2020.12.02-18.16.25:920][884]LogAudio: Display: Using built-in audio occlusion.
[2020.12.02-18.16.25:920][884]LogAudioMixer: Display: Initializing audio mixer.
[2020.12.02-18.16.25:931][884]LogAudioMixer: Display: 0: FrontLeft
[2020.12.02-18.16.25:931][884]LogAudioMixer: Display: 1: FrontRight
[2020.12.02-18.16.25:954][884]LogAudioMixer: Display: Using Audio Device Speakers (Focusrite Usb Audio)
[2020.12.02-18.16.25:954][884]LogAudioMixer: Display: Initializing Sound Submixes...
[2020.12.02-18.16.25:954][884]LogAudioMixer: Display: Creating Master Submix 'MasterSubmixDefault'
[2020.12.02-18.16.25:954][884]LogAudioMixer: Display: Creating Master Submix 'MasterReverbSubmixDefault'
[2020.12.02-18.16.25:955][884]LogAudioMixer: Display: Creating Master Submix 'MasterEQSubmixDefault'
[2020.12.02-18.16.25:969][884]LogInit: FAudioDevice initialized.
[2020.12.02-18.16.25:982][884]LogLoad: Game class is 'GameModeBase'
[2020.12.02-18.16.25:984][884]LogWorld: Bringing World /Temp/UEDPIE_0_Untitled_1.Untitled_1 up for play (max tick rate 0) at 2020.12.02-10.16.25
[2020.12.02-18.16.25:984][884]LogWorld: Bringing up level for play took: 0.000899
[2020.12.02-18.16.25:984][884]LogOnline: OSS: Creating online subsystem instance for: :Context_3
[2020.12.02-18.16.25:986][884]PIE: Server logged in
[2020.12.02-18.16.25:987][884]PIE: Play in editor total start time 0.135 seconds.
[2020.12.02-18.16.38:695][394]LogSlate: Updating window title bar state: overlay mode, drag disabled, window buttons hidden, title bar hidden
[2020.12.02-18.16.38:695][394]LogWorld: BeginTearingDown for /Temp/UEDPIE_0_Untitled_1
[2020.12.02-18.16.38:695][394]LogWorld: UWorld::CleanupWorld for Untitled_1, bSessionEnded=true, bCleanupResources=true
[2020.12.02-18.16.38:696][394]LogSlate: InvalidateAllWidgets triggered.  All widgets were invalidated
[2020.12.02-18.16.38:706][394]LogPlayLevel: Display: Shutting down PIE online subsystems
[2020.12.02-18.16.38:707][394]LogSlate: InvalidateAllWidgets triggered.  All widgets were invalidated
[2020.12.02-18.16.38:756][394]LogSlate: Updating window title bar state: overlay mode, drag disabled, window buttons hidden, title bar hidden
[2020.12.02-18.16.38:757][394]LogAISub: UAISubsystem::~UAISubsystem EnvQueryManager (00000231BD74E200), frame # 5394
[2020.12.02-18.16.38:757][394]LogAISub: UAISubsystem::~UAISubsystem AIPerceptionSystem (0000023193B5B240), frame # 5394
[2020.12.02-18.16.38:758][394]LogUObjectHash: Compacting FUObjectHashTables data took   0.98ms
[2020.12.02-18.16.39:017][395]LogPlayLevel: Display: Destroying online subsystem :Context_3
[2020.12.02-18.16.46:262][253]LogEditorViewport: Clicking on Actor (LMB): Ball_Blueprint_C (Ball_Blueprint)
[2020.12.02-18.16.47:912][385]LogAssetEditorSubsystem: Opening Asset editor for Blueprint /Game/Ball_Blueprint.Ball_Blueprint
[2020.12.02-18.16.48:803][385]LogContentBrowser: Native class hierarchy updated for 'BlueprintGraph' in 0.0008 seconds. Added 125 classes and 0 folders.
[2020.12.02-18.16.51:542][385]LogSlate: Took 0.000548 seconds to synchronously load lazily loaded font '../../../Engine/Content/Slate/Fonts/Roboto-BoldCondensed.ttf' (158K)
[2020.12.02-18.16.51:884][386]LogSlate: Took 0.010246 seconds to synchronously load lazily loaded font '../../../Engine/Content/Slate/Fonts/Roboto-Italic.ttf' (157K)
[2020.12.02-18.21.40:254][755]LogAudioMixer: Display: Audio Buffer Underrun detected.
[2020.12.02-18.26.07:035][801]LogUObjectHash: Compacting FUObjectHashTables data took   3.93ms
[2020.12.02-18.26.07:107][801]Cmd: OBJ SAVEPACKAGE PACKAGE="/Temp/Untitled_1" FILE="H:/UnrealProjects/UE4-Golf-Game/Golf_Game/Saved/Autosaves/Temp/Untitled_1_Auto1.umap" SILENT=true AUTOSAVING=true KEEPDIRTY=false
[2020.12.02-18.26.07:300][801]LogSavePackage: Moving 'H:/UnrealProjects/UE4-Golf-Game/Golf_Game/Saved/Untitled_1_Auto1268EB42643E3761691C53F882F10E9C2.tmp' to 'H:/UnrealProjects/UE4-Golf-Game/Golf_Game/Saved/Autosaves/Temp/Untitled_1_Auto1.umap'
[2020.12.02-18.26.07:360][801]LogFileHelpers: Editor autosave (incl. sublevels) for '/Temp/Untitled_1' took 0.366
[2020.12.02-18.26.07:360][801]LogFileHelpers: Editor autosave (incl. sublevels) for all levels took 0.366
[2020.12.02-18.26.07:361][801]OBJ SavePackage: Generating thumbnails for [1] asset(s) in package [/Game/Ball_Blueprint] ([1] browsable assets)...
[2020.12.02-18.26.07:402][801]OBJ SavePackage:     Rendered thumbnail for [Blueprint /Game/Ball_Blueprint.Ball_Blueprint]
[2020.12.02-18.26.07:402][801]OBJ SavePackage: Finished generating thumbnails for package [/Game/Ball_Blueprint]
[2020.12.02-18.26.07:404][801]Cmd: OBJ SAVEPACKAGE PACKAGE="/Game/Ball_Blueprint" FILE="H:/UnrealProjects/UE4-Golf-Game/Golf_Game/Saved/Autosaves/Game/Ball_Blueprint_Auto1.uasset" SILENT=false AUTOSAVING=true
[2020.12.02-18.26.07:557][801]LogSavePackage: Moving 'H:/UnrealProjects/UE4-Golf-Game/Golf_Game/Saved/Ball_Blueprint_Auto1573121C54A7A7533831E398A201DEF8D.tmp' to 'H:/UnrealProjects/UE4-Golf-Game/Golf_Game/Saved/Autosaves/Game/Ball_Blueprint_Auto1.uasset'
[2020.12.02-18.26.07:557][801]LogFileHelpers: Auto-saving content packages took 0.197
[2020.12.02-18.42.01:000][722]LogFactory: Error: Can't find file 'C:\Users\ANDRE\Downloads\bitmap.png' for import
[2020.12.02-18.42.03:888][722]LogSlate: Window 'Message' being destroyed
[2020.12.02-18.42.03:896][722]Message dialog closed, result: Ok, title: Message, text: Failed to import 'C:\Users\ANDRE\Downloads\bitmap.png'. Failed to create asset '/Game/bitmap'.
Please see Output Log for details.
[2020.12.02-18.42.03:896][722]LogAssetTools: Warning: Failed to import 'C:\Users\ANDRE\Downloads\bitmap.png'. Failed to create asset '/Game/bitmap'.
Please see Output Log for details.
[2020.12.02-18.43.02:730][750]LogWindows: FPlatformMisc::RequestExit(1)
[2020.12.02-18.43.02:730][750]LogCore: Engine exit requested (reason: Win RequestExit)
[2020.12.02-18.43.02:797][750]Log file closed, 12/02/20 10:43:02
